<?xml version="1.0" encoding="UTF-8" standalone="no"?>
<!DOCTYPE log SYSTEM "logger.dtd">
<log>
<record>
  <date>2024-07-09T07:30:45.290463300Z</date>
  <millis>1720510245290</millis>
  <nanos>463300</nanos>
  <sequence>0</sequence>
  <level>START</level>
  <class>com.kms.katalon.core.logging.XmlKeywordLogger</class>
  <method>startSuite</method>
  <thread>1</thread>
  <message>Start Test Suite : Test Suites/TS_SearchKeyword</message>
  <nestedLevel>0</nestedLevel>
  <escapedJava>false</escapedJava>
  <property name="rerunTestFailImmediately">true</property>
  <property name="retryCount">3</property>
  <property name="name">TS_SearchKeyword</property>
  <property name="description"></property>
  <property name="id">Test Suites/TS_SearchKeyword</property>
</record>
<record>
  <date>2024-07-09T07:30:45.311501100Z</date>
  <millis>1720510245311</millis>
  <nanos>501100</nanos>
  <sequence>1</sequence>
  <level>RUN_DATA</level>
  <class>com.kms.katalon.core.logging.XmlKeywordLogger</class>
  <method>logMessage</method>
  <thread>1</thread>
  <message>hostName = 1556 - LAPTOP-PT885S91</message>
  <nestedLevel>0</nestedLevel>
  <escapedJava>false</escapedJava>
  <property name="hostName">1556 - LAPTOP-PT885S91</property>
</record>
<record>
  <date>2024-07-09T07:30:45.312504800Z</date>
  <millis>1720510245312</millis>
  <nanos>504800</nanos>
  <sequence>2</sequence>
  <level>RUN_DATA</level>
  <class>com.kms.katalon.core.logging.XmlKeywordLogger</class>
  <method>logMessage</method>
  <thread>1</thread>
  <message>os = Windows 11 64bit</message>
  <nestedLevel>0</nestedLevel>
  <escapedJava>false</escapedJava>
  <property name="os">Windows 11 64bit</property>
</record>
<record>
  <date>2024-07-09T07:30:45.313513500Z</date>
  <millis>1720510245313</millis>
  <nanos>513500</nanos>
  <sequence>3</sequence>
  <level>RUN_DATA</level>
  <class>com.kms.katalon.core.logging.XmlKeywordLogger</class>
  <method>logMessage</method>
  <thread>1</thread>
  <message>hostAddress = 10.100.10.25</message>
  <nestedLevel>0</nestedLevel>
  <escapedJava>false</escapedJava>
  <property name="hostAddress">10.100.10.25</property>
</record>
<record>
  <date>2024-07-09T07:30:45.314509300Z</date>
  <millis>1720510245314</millis>
  <nanos>509300</nanos>
  <sequence>4</sequence>
  <level>RUN_DATA</level>
  <class>com.kms.katalon.core.logging.XmlKeywordLogger</class>
  <method>logMessage</method>
  <thread>1</thread>
  <message>katalonVersion = 9.6.0.217</message>
  <nestedLevel>0</nestedLevel>
  <escapedJava>false</escapedJava>
  <property name="katalonVersion">9.6.0.217</property>
</record>
<record>
  <date>2024-07-09T07:30:45.519110100Z</date>
  <millis>1720510245519</millis>
  <nanos>110100</nanos>
  <sequence>5</sequence>
  <level>START</level>
  <class>com.kms.katalon.core.logging.XmlKeywordLogger</class>
  <method>startTest</method>
  <thread>1</thread>
  <message>Start Test Case : Test Cases/Wikipedia/TC_Wikipedia_Search</message>
  <nestedLevel>1</nestedLevel>
  <escapedJava>false</escapedJava>
  <property name="remainingRetryCount">3</property>
  <property name="name">Test Cases/Wikipedia/TC_Wikipedia_Search</property>
  <property name="description">ini adalah test case search wikipedia</property>
  <property name="iteration"></property>
  <property name="id">Test Cases/Wikipedia/TC_Wikipedia_Search</property>
  <property name="source">C:\Users\1556\Katalon Studio\Automation Desktop\Test Cases\Wikipedia\TC_Wikipedia_Search.tc</property>
  <property name="tag"></property>
  <property name="isOptional">false</property>
  <property name="currentRetryCount">0</property>
</record>
<record>
  <date>2024-07-09T07:30:45.583714500Z</date>
  <millis>1720510245583</millis>
  <nanos>714500</nanos>
  <sequence>7</sequence>
  <level>INFO</level>
  <class>com.kms.katalon.core.logging.XmlKeywordLogger</class>
  <method>logMessage</method>
  <thread>1</thread>
  <message>search = Hello World</message>
  <nestedLevel>1</nestedLevel>
  <escapedJava>false</escapedJava>
</record>
<record>
  <date>2024-07-09T07:30:45.839784400Z</date>
  <millis>1720510245839</millis>
  <nanos>784400</nanos>
  <sequence>8</sequence>
  <level>START</level>
  <class>com.kms.katalon.core.logging.XmlKeywordLogger</class>
  <method>startKeyword</method>
  <thread>1</thread>
  <message>Start action : startApplicationWithTitle(&amp;quot;C:\Users\1556\OneDrive\Desktop\Wikipedia.lnk&amp;quot;, &amp;quot;Wikipedia&amp;quot;)</message>
  <nestedLevel>1</nestedLevel>
  <escapedJava>false</escapedJava>
  <property name="startLine">20</property>
  <property name="stepIndex">1</property>
</record>
<record>
  <date>2024-07-09T07:30:46.042380100Z</date>
  <millis>1720510246042</millis>
  <nanos>380100</nanos>
  <sequence>9</sequence>
  <level>INFO</level>
  <class>com.kms.katalon.core.logging.XmlKeywordLogger</class>
  <method>logMessage</method>
  <thread>1</thread>
  <message>Starting application C:\Users\1556\OneDrive\Desktop\Wikipedia.lnk on the local machine at address http://127.0.0.1:4723</message>
  <nestedLevel>1</nestedLevel>
  <escapedJava>false</escapedJava>
</record>
<record>
  <date>2024-07-09T07:30:46.044383400Z</date>
  <millis>1720510246044</millis>
  <nanos>383400</nanos>
  <sequence>10</sequence>
  <level>RUN_DATA</level>
  <class>com.kms.katalon.core.logging.XmlKeywordLogger</class>
  <method>logMessage</method>
  <thread>1</thread>
  <message>desiredCapabilities = {}</message>
  <nestedLevel>1</nestedLevel>
  <escapedJava>false</escapedJava>
  <property name="desiredCapabilities">{}</property>
</record>
<record>
  <date>2024-07-09T07:30:47.066395700Z</date>
  <millis>1720510247066</millis>
  <nanos>395700</nanos>
  <sequence>12</sequence>
  <level>INFO</level>
  <class>com.kms.katalon.core.logging.XmlKeywordLogger</class>
  <method>logMessage</method>
  <thread>1</thread>
  <message>Start finding a window that matches with title &amp;apos;C:\Users\1556\OneDrive\Desktop\Wikipedia.lnk&amp;apos; in 120,000 millisecond(s)</message>
  <nestedLevel>1</nestedLevel>
  <escapedJava>false</escapedJava>
</record>
<!DOCTYPE log SYSTEM "logger.dtd">
<record>
  <date>2024-07-09T07:51:30.726991200Z</date>
  <millis>1720511490726</millis>
  <nanos>991200</nanos>
  <sequence>34</sequence>
  <level>INFO</level>
  <class>com.kms.katalon.core.logging.XmlKeywordLogger</class>
  <method>logMessage</method>
  <thread>240</thread>
  <message>Start finding a window that matches with title &amp;apos;C:\Users\1556\OneDrive\Desktop\Wikipedia.lnk&amp;apos; in 120,000 millisecond(s)</message>
  <nestedLevel>0</nestedLevel>
  <escapedJava>false</escapedJava>
</record>
<record>
  <date>2024-07-09T07:53:09.899679400Z</date>
  <millis>1720511589899</millis>
  <nanos>679400</nanos>
  <sequence>40</sequence>
  <level>INFO</level>
  <class>com.kms.katalon.core.logging.XmlKeywordLogger</class>
  <method>logMessage</method>
  <thread>251</thread>
  <message>Start finding a window that matches with title &amp;apos;C:\Users\1556\OneDrive\Desktop\Wikipedia.lnk&amp;apos; in 120,000 millisecond(s)</message>
  <nestedLevel>0</nestedLevel>
  <escapedJava>false</escapedJava>
</record>
</log><?xml version="1.0" encoding="UTF-8" standalone="no"?>
<!DOCTYPE log SYSTEM "logger.dtd">
<log>
<record>
  <date>2024-07-11T02:21:20.588544400Z</date>
  <millis>1720664480588</millis>
  <nanos>544400</nanos>
  <sequence>124</sequence>
  <level>INFO</level>
  <class>com.kms.katalon.core.logging.XmlKeywordLogger</class>
  <method>logMessage</method>
  <thread>1</thread>
  <message>Finding test data with id &amp;apos;Data Files/searchData&amp;apos;</message>
  <nestedLevel>0</nestedLevel>
  <escapedJava>false</escapedJava>
</record>
<record>
  <date>2024-07-11T02:21:20.643138300Z</date>
  <millis>1720664480643</millis>
  <nanos>138300</nanos>
  <sequence>125</sequence>
  <level>INFO</level>
  <class>com.kms.katalon.core.logging.XmlKeywordLogger</class>
  <method>logMessage</method>
  <thread>1</thread>
  <message>Test data is internal data, reading internal data</message>
  <nestedLevel>0</nestedLevel>
  <escapedJava>false</escapedJava>
</record>
<record>
  <date>2024-07-11T02:22:27.320620Z</date>
  <millis>1720664547320</millis>
  <nanos>620000</nanos>
  <sequence>126</sequence>
  <level>INFO</level>
  <class>com.kms.katalon.core.logging.XmlKeywordLogger</class>
  <method>logMessage</method>
  <thread>49</thread>
  <message>Finding test data with id &amp;apos;Data Files/searchData&amp;apos;</message>
  <nestedLevel>0</nestedLevel>
  <escapedJava>false</escapedJava>
</record>
<record>
  <date>2024-07-11T02:22:27.326642600Z</date>
  <millis>1720664547326</millis>
  <nanos>642600</nanos>
  <sequence>127</sequence>
  <level>INFO</level>
  <class>com.kms.katalon.core.logging.XmlKeywordLogger</class>
  <method>logMessage</method>
  <thread>49</thread>
  <message>Test data is internal data, reading internal data</message>
  <nestedLevel>0</nestedLevel>
  <escapedJava>false</escapedJava>
</record>
<record>
  <date>2024-07-11T02:27:25.175876800Z</date>
  <millis>1720664845175</millis>
  <nanos>876800</nanos>
  <sequence>732</sequence>
  <level>INFO</level>
  <class>com.kms.katalon.core.logging.XmlKeywordLogger</class>
  <method>logMessage</method>
  <thread>336</thread>
  <message>Finding test data with id &amp;apos;Data Files/searchData&amp;apos;</message>
  <nestedLevel>0</nestedLevel>
  <escapedJava>false</escapedJava>
</record>
<record>
  <date>2024-07-11T02:27:25.179964500Z</date>
  <millis>1720664845179</millis>
  <nanos>964500</nanos>
  <sequence>733</sequence>
  <level>INFO</level>
  <class>com.kms.katalon.core.logging.XmlKeywordLogger</class>
  <method>logMessage</method>
  <thread>336</thread>
  <message>Test data is internal data, reading internal data</message>
  <nestedLevel>0</nestedLevel>
  <escapedJava>false</escapedJava>
</record>
<record>
  <date>2024-07-11T02:36:08.769058800Z</date>
  <millis>1720665368769</millis>
  <nanos>58800</nanos>
  <sequence>986</sequence>
  <level>INFO</level>
  <class>com.kms.katalon.core.logging.XmlKeywordLogger</class>
  <method>logMessage</method>
  <thread>404</thread>
  <message>Finding test data with id &amp;apos;Data Files/searchData&amp;apos;</message>
  <nestedLevel>0</nestedLevel>
  <escapedJava>false</escapedJava>
</record>
<record>
  <date>2024-07-11T02:36:08.772462300Z</date>
  <millis>1720665368772</millis>
  <nanos>462300</nanos>
  <sequence>987</sequence>
  <level>INFO</level>
  <class>com.kms.katalon.core.logging.XmlKeywordLogger</class>
  <method>logMessage</method>
  <thread>404</thread>
  <message>Test data is internal data, reading internal data</message>
  <nestedLevel>0</nestedLevel>
  <escapedJava>false</escapedJava>
</record>
<record>
  <date>2024-07-11T02:47:43.737769900Z</date>
  <millis>1720666063737</millis>
  <nanos>769900</nanos>
  <sequence>1909</sequence>
  <level>INFO</level>
  <class>com.kms.katalon.core.logging.XmlKeywordLogger</class>
  <method>logMessage</method>
  <thread>496</thread>
  <message>Finding test data with id &amp;apos;Data Files/searchData&amp;apos;</message>
  <nestedLevel>0</nestedLevel>
  <escapedJava>false</escapedJava>
</record>
<record>
  <date>2024-07-11T02:47:43.740383200Z</date>
  <millis>1720666063740</millis>
  <nanos>383200</nanos>
  <sequence>1910</sequence>
  <level>INFO</level>
  <class>com.kms.katalon.core.logging.XmlKeywordLogger</class>
  <method>logMessage</method>
  <thread>496</thread>
  <message>Test data is internal data, reading internal data</message>
  <nestedLevel>0</nestedLevel>
  <escapedJava>false</escapedJava>
</record>
<record>
  <date>2024-07-11T02:56:28.638195300Z</date>
  <millis>1720666588638</millis>
  <nanos>195300</nanos>
  <sequence>2541</sequence>
  <level>INFO</level>
  <class>com.kms.katalon.core.logging.XmlKeywordLogger</class>
  <method>logMessage</method>
  <thread>604</thread>
  <message>Finding test data with id &amp;apos;Data Files/searchData&amp;apos;</message>
  <nestedLevel>0</nestedLevel>
  <escapedJava>false</escapedJava>
</record>
<record>
  <date>2024-07-11T02:56:28.641194500Z</date>
  <millis>1720666588641</millis>
  <nanos>194500</nanos>
  <sequence>2542</sequence>
  <level>INFO</level>
  <class>com.kms.katalon.core.logging.XmlKeywordLogger</class>
  <method>logMessage</method>
  <thread>604</thread>
  <message>Test data is internal data, reading internal data</message>
  <nestedLevel>0</nestedLevel>
  <escapedJava>false</escapedJava>
</record>
<record>
  <date>2024-07-11T03:03:54.587058800Z</date>
  <millis>1720667034587</millis>
  <nanos>58800</nanos>
  <sequence>3104</sequence>
  <level>INFO</level>
  <class>com.kms.katalon.core.logging.XmlKeywordLogger</class>
  <method>logMessage</method>
  <thread>535</thread>
  <message>Finding test data with id &amp;apos;Data Files/searchData&amp;apos;</message>
  <nestedLevel>0</nestedLevel>
  <escapedJava>false</escapedJava>
</record>
<record>
  <date>2024-07-11T03:03:54.589223700Z</date>
  <millis>1720667034589</millis>
  <nanos>223700</nanos>
  <sequence>3105</sequence>
  <level>INFO</level>
  <class>com.kms.katalon.core.logging.XmlKeywordLogger</class>
  <method>logMessage</method>
  <thread>535</thread>
  <message>Test data is internal data, reading internal data</message>
  <nestedLevel>0</nestedLevel>
  <escapedJava>false</escapedJava>
</record>
<record>
  <date>2024-07-11T03:07:01.745476700Z</date>
  <millis>1720667221745</millis>
  <nanos>476700</nanos>
  <sequence>3235</sequence>
  <level>INFO</level>
  <class>com.kms.katalon.core.logging.XmlKeywordLogger</class>
  <method>logMessage</method>
  <thread>1</thread>
  <message>Finding test data with id &amp;apos;Data Files/searchData&amp;apos;</message>
  <nestedLevel>0</nestedLevel>
  <escapedJava>false</escapedJava>
</record>
<record>
  <date>2024-07-11T03:07:01.747518400Z</date>
  <millis>1720667221747</millis>
  <nanos>518400</nanos>
  <sequence>3236</sequence>
  <level>INFO</level>
  <class>com.kms.katalon.core.logging.XmlKeywordLogger</class>
  <method>logMessage</method>
  <thread>1</thread>
  <message>Test data is internal data, reading internal data</message>
  <nestedLevel>0</nestedLevel>
  <escapedJava>false</escapedJava>
</record>
<record>
  <date>2024-07-11T03:07:17.999938400Z</date>
  <millis>1720667237999</millis>
  <nanos>938400</nanos>
  <sequence>3237</sequence>
  <level>INFO</level>
  <class>com.kms.katalon.core.logging.XmlKeywordLogger</class>
  <method>logMessage</method>
  <thread>687</thread>
  <message>Finding test data with id &amp;apos;Data Files/searchData&amp;apos;</message>
  <nestedLevel>0</nestedLevel>
  <escapedJava>false</escapedJava>
</record>
<record>
  <date>2024-07-11T03:07:18.001116300Z</date>
  <millis>1720667238001</millis>
  <nanos>116300</nanos>
  <sequence>3238</sequence>
  <level>INFO</level>
  <class>com.kms.katalon.core.logging.XmlKeywordLogger</class>
  <method>logMessage</method>
  <thread>687</thread>
  <message>Test data is internal data, reading internal data</message>
  <nestedLevel>0</nestedLevel>
  <escapedJava>false</escapedJava>
</record>
<record>
  <date>2024-07-11T03:14:11.345729300Z</date>
  <millis>1720667651345</millis>
  <nanos>729300</nanos>
  <sequence>3324</sequence>
  <level>INFO</level>
  <class>com.kms.katalon.core.logging.XmlKeywordLogger</class>
  <method>logMessage</method>
  <thread>1</thread>
  <message>Finding test data with id &amp;apos;Data Files/searchData&amp;apos;</message>
  <nestedLevel>0</nestedLevel>
  <escapedJava>false</escapedJava>
</record>
<record>
  <date>2024-07-11T03:14:11.347208800Z</date>
  <millis>1720667651347</millis>
  <nanos>208800</nanos>
  <sequence>3325</sequence>
  <level>INFO</level>
  <class>com.kms.katalon.core.logging.XmlKeywordLogger</class>
  <method>logMessage</method>
  <thread>1</thread>
  <message>Test data is internal data, reading internal data</message>
  <nestedLevel>0</nestedLevel>
  <escapedJava>false</escapedJava>
</record>
<record>
  <date>2024-07-11T03:14:26.646821100Z</date>
  <millis>1720667666646</millis>
  <nanos>821100</nanos>
  <sequence>3326</sequence>
  <level>INFO</level>
  <class>com.kms.katalon.core.logging.XmlKeywordLogger</class>
  <method>logMessage</method>
  <thread>686</thread>
  <message>Finding test data with id &amp;apos;Data Files/searchData&amp;apos;</message>
  <nestedLevel>0</nestedLevel>
  <escapedJava>false</escapedJava>
</record>
<record>
  <date>2024-07-11T03:14:26.648826700Z</date>
  <millis>1720667666648</millis>
  <nanos>826700</nanos>
  <sequence>3327</sequence>
  <level>INFO</level>
  <class>com.kms.katalon.core.logging.XmlKeywordLogger</class>
  <method>logMessage</method>
  <thread>686</thread>
  <message>Test data is internal data, reading internal data</message>
  <nestedLevel>0</nestedLevel>
  <escapedJava>false</escapedJava>
</record>
<record>
  <date>2024-07-11T03:36:33.828032500Z</date>
  <millis>1720668993828</millis>
  <nanos>32500</nanos>
  <sequence>3417</sequence>
  <level>INFO</level>
  <class>com.kms.katalon.core.logging.XmlKeywordLogger</class>
  <method>logMessage</method>
  <thread>838</thread>
  <message>Start finding a window that matches with title &amp;apos;C:\Users\1556\OneDrive\Desktop\ERP_DEV - Shortcut.lnk&amp;apos; in 120,000 millisecond(s)</message>
  <nestedLevel>0</nestedLevel>
  <escapedJava>false</escapedJava>
</record>
</log>
